<?xml version="1.0" encoding="UTF-8"?>
<testng-results skipped="0" failed="1" ignored="0" total="3" passed="2">
  <reporter-output>
  </reporter-output>
  <suite name="Default suite" duration-ms="5861" started-at="2021-02-01T19:34:47Z" finished-at="2021-02-01T19:34:53Z">
    <groups>
    </groups>
    <test name="Default test" duration-ms="5861" started-at="2021-02-01T19:34:47Z" finished-at="2021-02-01T19:34:53Z">
      <class name="org.Tasks.JunitQ1">
        <test-method status="PASS" signature="launchBrowser()[pri:0, instance:org.Tasks.JunitQ1@146ba0ac]" name="launchBrowser" is-config="true" duration-ms="2560" started-at="2021-02-01T19:34:47Z" finished-at="2021-02-01T19:34:49Z">
          <reporter-output>
          </reporter-output>
        </test-method> <!-- launchBrowser -->
        <test-method status="PASS" signature="tc1()[pri:0, instance:org.Tasks.JunitQ1@146ba0ac]" name="tc1" duration-ms="3090" started-at="2021-02-01T19:34:49Z" finished-at="2021-02-01T19:34:52Z">
          <reporter-output>
          </reporter-output>
        </test-method> <!-- tc1 -->
        <test-method status="PASS" signature="tc2()[pri:0, instance:org.Tasks.JunitQ1@146ba0ac]" name="tc2" duration-ms="144" started-at="2021-02-01T19:34:52Z" finished-at="2021-02-01T19:34:53Z">
          <reporter-output>
          </reporter-output>
        </test-method> <!-- tc2 -->
        <test-method status="FAIL" signature="tc3()[pri:0, instance:org.Tasks.JunitQ1@146ba0ac]" name="tc3" duration-ms="11" started-at="2021-02-01T19:34:53Z" finished-at="2021-02-01T19:34:53Z">
          <exception class="java.lang.NullPointerException">
            <full-stacktrace>
              <![CDATA[java.lang.NullPointerException
at org.Tasks.BaseClass1.fill(BaseClass1.java:57)
at org.Tasks.JunitQ1.tc3(JunitQ1.java:35)
at sun.reflect.NativeMethodAccessorImpl.invoke0(Native Method)
at sun.reflect.NativeMethodAccessorImpl.invoke(Unknown Source)
at sun.reflect.DelegatingMethodAccessorImpl.invoke(Unknown Source)
at java.lang.reflect.Method.invoke(Unknown Source)
at org.testng.internal.MethodInvocationHelper.invokeMethod(MethodInvocationHelper.java:124)
at org.testng.internal.Invoker.invokeMethod(Invoker.java:583)
at org.testng.internal.Invoker.invokeTestMethod(Invoker.java:719)
at org.testng.internal.Invoker.invokeTestMethods(Invoker.java:989)
at org.testng.internal.TestMethodWorker.invokeTestMethods(TestMethodWorker.java:125)
at org.testng.internal.TestMethodWorker.run(TestMethodWorker.java:109)
at org.testng.TestRunner.privateRun(TestRunner.java:648)
at org.testng.TestRunner.run(TestRunner.java:505)
at org.testng.SuiteRunner.runTest(SuiteRunner.java:455)
at org.testng.SuiteRunner.runSequentially(SuiteRunner.java:450)
at org.testng.SuiteRunner.privateRun(SuiteRunner.java:415)
at org.testng.SuiteRunner.run(SuiteRunner.java:364)
at org.testng.SuiteRunnerWorker.runSuite(SuiteRunnerWorker.java:52)
at org.testng.SuiteRunnerWorker.run(SuiteRunnerWorker.java:84)
at org.testng.TestNG.runSuitesSequentially(TestNG.java:1208)
at org.testng.TestNG.runSuitesLocally(TestNG.java:1137)
at org.testng.TestNG.runSuites(TestNG.java:1049)
at org.testng.TestNG.run(TestNG.java:1017)
at org.testng.remote.AbstractRemoteTestNG.run(AbstractRemoteTestNG.java:132)
at org.testng.remote.RemoteTestNG.initAndRun(RemoteTestNG.java:230)
at org.testng.remote.RemoteTestNG.main(RemoteTestNG.java:76)
]]>
            </full-stacktrace>
          </exception> <!-- java.lang.NullPointerException -->
          <reporter-output>
          </reporter-output>
        </test-method> <!-- tc3 -->
      </class> <!-- org.Tasks.JunitQ1 -->
    </test> <!-- Default test -->
  </suite> <!-- Default suite -->
</testng-results>
